app/build/intermediates/manifest_merge_blame_file/debug/manifest-merger-blame-debug-report.txt
1<?xml version="1.0" encoding="utf-8"?>
2<manifest xmlns:android="http://schemas.android.com/apk/res/android"
3    package="com.cst2335Lab8"
4    android:versionCode="1"
5    android:versionName="1.0" >
6
7    <uses-sdk
8        android:minSdkVersion="16"
8-->src\main\AndroidManifest.xml
9        android:targetSdkVersion="30" />
9-->src\main\AndroidManifest.xml
10
11    <uses-feature
11-->src\main\AndroidManifest.xml:5:5-7:35
12        android:name="android.hardware.camera"
12-->src\main\AndroidManifest.xml:6:9-47
13        android:required="true" />
13-->src\main\AndroidManifest.xml:7:9-32
14
15    <uses-permission android:name="android.permission.CAMERA" />
15-->src\main\AndroidManifest.xml:9:5-65
15-->src\main\AndroidManifest.xml:9:22-62
16    <uses-permission android:name="android.permission.INTERNET" />
16-->src\main\AndroidManifest.xml:10:5-67
16-->src\main\AndroidManifest.xml:10:22-64
17
18    <application
18-->src\main\AndroidManifest.xml:12:5-37:19
19        android:allowBackup="true"
19-->src\main\AndroidManifest.xml:13:9-35
20        android:appComponentFactory="androidx.core.app.CoreComponentFactory"
20-->[androidx.core:core:1.3.1] AndroidManifest.xml:24:18-86
21        android:debuggable="true"
22        android:icon="@mipmap/ic_launcher"
22-->src\main\AndroidManifest.xml:14:9-43
23        android:label="@string/app_name"
23-->src\main\AndroidManifest.xml:15:9-41
24        android:roundIcon="@mipmap/ic_launcher_round"
24-->src\main\AndroidManifest.xml:16:9-54
25        android:supportsRtl="true"
25-->src\main\AndroidManifest.xml:17:9-35
26        android:testOnly="true"
27        android:theme="@style/Theme.Test2" >
27-->src\main\AndroidManifest.xml:18:9-43
28        <activity android:name="com.cst2335Lab8.TestToolbar" />
28-->src\main\AndroidManifest.xml:19:9-73
28-->src\main\AndroidManifest.xml:19:19-61
29        <activity android:name="com.cst2335Lab8.EmptyActivity" />
29-->src\main\AndroidManifest.xml:20:9-66
29-->src\main\AndroidManifest.xml:20:19-63
30        <activity android:name="com.cst2335Lab8.WeatherForecast" />
30-->src\main\AndroidManifest.xml:21:9-68
30-->src\main\AndroidManifest.xml:21:19-65
31        <activity
31-->src\main\AndroidManifest.xml:22:9-24:46
32            android:name="com.cst2335Lab8.ProfileActivity"
32-->src\main\AndroidManifest.xml:23:13-59
33            android:configChanges="locale" />
33-->src\main\AndroidManifest.xml:24:13-43
34        <activity
34-->src\main\AndroidManifest.xml:25:9-27:46
35            android:name="com.cst2335Lab8.ChatRoomActivity"
35-->src\main\AndroidManifest.xml:26:13-60
36            android:configChanges="locale" />
36-->src\main\AndroidManifest.xml:27:13-43
37        <activity
37-->src\main\AndroidManifest.xml:28:9-36:20
38            android:name="com.cst2335Lab8.MainActivity"
38-->src\main\AndroidManifest.xml:29:13-56
39            android:configChanges="locale" >
39-->src\main\AndroidManifest.xml:30:13-43
40            <intent-filter>
40-->src\main\AndroidManifest.xml:31:13-35:29
41                <action android:name="android.intent.action.MAIN" />
41-->src\main\AndroidManifest.xml:32:17-69
41-->src\main\AndroidManifest.xml:32:25-66
42
43                <category android:name="android.intent.category.LAUNCHER" />
43-->src\main\AndroidManifest.xml:34:17-77
43-->src\main\AndroidManifest.xml:34:27-74
44            </intent-filter>
45        </activity>
46    </application>
47
48</manifest>